<?xml version="1.0" ?>
<template xmlns="http://schemas.sulu.io/template/template"
          xmlns:xsi="http://www.w3.org/2001/XMLSchema-instance"
          xsi:schemaLocation="http://schemas.sulu.io/template/template http://schemas.sulu.io/template/template-1.0.xsd">

    <key>test</key>

    <view>pages/default</view>
    <controller>Sulu\Bundle\WebsiteBundle\Controller\DefaultController::indexAction</controller>
    <cacheLifetime>604800</cacheLifetime>

    <meta>
        <title lang="en">Test-EN</title>
        <title lang="de">Test-DE</title>
    </meta>

    <properties>
        <property name="title" type="text_line" mandatory="true">
            <meta>
                <title lang="en">Title</title>
                <title lang="de">Titel</title>
            </meta>
            <params>
                <param name="headline" value="true"/>
            </params>

            <tag name="sulu.rlp.part"/>
        </property>

        <property name="url" type="resource_locator" mandatory="true">
            <meta>
                <title lang="en">Resourcelocator</title>
                <title lang="de">Adresse</title>
            </meta>

            <tag name="sulu.rlp"/>
        </property>

        <property name="pages" type="smart_content">
            <meta>
                <title lang="en">Smart Content</title>
            </meta>

            <params>
                <param name="properties" type="collection">
                    <param name="title" value="title"/>
                    <param name="description" value="excerpt.description"/>
                </param>
                <param name="present_as" type="collection">
                    <param name="one">
                        <meta>
                            <title lang="en">One column</title>
                        </meta>
                    </param>
                    <param name="two">
                        <meta>
                            <title lang="en">Two column</title>
                        </meta>
                    </param>
                </param>
            </params>
        </property>
        <section name="test">
            <properties>
                <block name="blocks2" default-type="editor" minOccurs="0">
                    <meta>
                        <title lang="en">Content</title>
                        <title lang="de">Inhalte</title>
                    </meta>

                    <types>
                        <type name="editor">
                            <meta>
                                <title lang="en">Editor</title>
                                <title lang="de">Editor</title>
                            </meta>
                            <properties>
                                <property name="text_editor" type="text_editor">
                                    <meta>
                                        <title lang="en">Text Editor</title>
                                        <title lang="de">Texteditor</title>
                                    </meta>
                                </property>
                            </properties>
                        </type>
                        <type name="media">
                            <meta>
                                <title lang="de">Media</title>
                                <title lang="en">Media</title>
                            </meta>
                            <properties>
                                <property name="media_selection" type="media_selection">
                                    <meta>
                                        <title lang="en">Media Selection</title>
                                        <title lang="de">Medienauswahl</title>
                                    </meta>
                                </property>
                            </properties>
                        </type>
                        <type name="block">
                            <meta>
                                <title lang="de">Bl√∂cke</title>
                                <title lang="en">Blocks</title>
                            </meta>
                            <properties>
                                <block name="blocks" default-type="editor" minOccurs="0">
                                    <meta>
                                        <title lang="en">Content</title>
                                        <title lang="de">Inhalte</title>
                                    </meta>

                                    <types>
                                        <type name="editor">
                                            <meta>
                                                <title lang="en">Editor</title>
                                                <title lang="de">Editor</title>
                                            </meta>
                                            <properties>
                                                <property name="text_editor" type="text_editor">
                                                    <meta>
                                                        <title lang="en">Text Editor</title>
                                                        <title lang="de">Texteditor</title>
                                                    </meta>
                                                </property>
                                            </properties>
                                        </type>
                                        <type name="media">
                                            <meta>
                                                <title lang="de">Media</title>
                                                <title lang="en">Media</title>
                                            </meta>
                                            <properties>
                                                <property name="media_selection" type="media_selection">
                                                    <meta>
                                                        <title lang="en">Media Selection</title>
                                                        <title lang="de">Medienauswahl</title>
                                                    </meta>
                                                </property>
                                            </properties>
                                        </type>
                                    </types>
                                </block>
                            </properties>
                        </type>
                    </types>
                </block>
            </properties>
        </section>

    </properties>
</template>
